jbpm & 1558f0d &  & 36\\
dubbo & 20f252d & 6415 & 34\\
hadoop & ecf665c & 10874 & 33\\
docs & afa7885 &  & 21\\
cxf & eea3c9b &  & 19\\
YCSB & ce3eb9c & 76 & 12\\
COLA & 1a8c433 & 69 & 12\\
wicket & 58d953e &  & 6\\
spring-cloud-netflix & 2a8b7ed & 235 & 4\\
rocketmq & b37d283 &  & 2\\
JSON-java & 8983ca6 & 647 & 2\\
ebean & d034821 &  & 2\\
vert.x & 0eb288b & 4849 & 1\\
Universal-G-Code-Sender & 445cd19 &  & 1\\
tinkerpop & 8bb5d16 &  & 1\\
tika & f78dc99 &  & 1\\
spring-retry & 9442435 &  & 1\\
red5-server & eb75c16 &  & 1\\
javaee7-samples & 4a67b23 &  & 1\\
incubator-kie-optaplanner & 8c2fb1e &  & 1\\
CoreNLP & 2460079 & 1459 & 1\\
